d:\study\github\metal-slug\demo\合金弹头\debug\animation.obj
d:\study\github\metal-slug\demo\合金弹头\debug\background.obj
d:\study\github\metal-slug\demo\合金弹头\debug\basicdata.obj
d:\study\github\metal-slug\demo\合金弹头\debug\boom.obj
d:\study\github\metal-slug\demo\合金弹头\debug\bullet.obj
d:\study\github\metal-slug\demo\合金弹头\debug\bullet1.obj
d:\study\github\metal-slug\demo\合金弹头\debug\bullet2.obj
d:\study\github\metal-slug\demo\合金弹头\debug\bullet3.obj
d:\study\github\metal-slug\demo\合金弹头\debug\bullet4.obj
d:\study\github\metal-slug\demo\合金弹头\debug\bulletmgr.obj
d:\study\github\metal-slug\demo\合金弹头\debug\button.obj
d:\study\github\metal-slug\demo\合金弹头\debug\enemymgr.obj
d:\study\github\metal-slug\demo\合金弹头\debug\gamaeoutput.obj
d:\study\github\metal-slug\demo\合金弹头\debug\game.obj
d:\study\github\metal-slug\demo\合金弹头\debug\gameframe.obj
d:\study\github\metal-slug\demo\合金弹头\debug\gameinput.obj
d:\study\github\metal-slug\demo\合金弹头\debug\help.obj
d:\study\github\metal-slug\demo\合金弹头\debug\imovable.obj
d:\study\github\metal-slug\demo\合金弹头\debug\logo.obj
d:\study\github\metal-slug\demo\合金弹头\debug\main.obj
d:\study\github\metal-slug\demo\合金弹头\debug\menu.obj
d:\study\github\metal-slug\demo\合金弹头\debug\plane.obj
d:\study\github\metal-slug\demo\合金弹头\debug\role.obj
d:\study\github\metal-slug\demo\合金弹头\debug\scene.obj
d:\study\github\metal-slug\demo\合金弹头\debug\select.obj
d:\study\github\metal-slug\demo\合金弹头\debug\soldier.obj
d:\study\github\metal-slug\demo\合金弹头\debug\soldier1.obj
d:\study\github\metal-slug\demo\合金弹头\debug\soldier2.obj
d:\study\github\metal-slug\demo\合金弹头\debug\soundmanage.obj
d:\study\github\metal-slug\demo\合金弹头\debug\strategy.obj
d:\study\github\metal-slug\demo\合金弹头\debug\tank.obj
d:\study\github\metal-slug\demo\合金弹头\debug\ui.obj
d:\study\github\metal-slug\demo\合金弹头\debug\vc120.idb
d:\study\github\metal-slug\demo\合金弹头\debug\vc120.pdb
