d:\编程\工程\new\合金弹头\合金弹头\debug\vc120.pdb
d:\编程\工程\new\合金弹头\合金弹头\debug\vc120.idb
d:\编程\工程\new\合金弹头\合金弹头\debug\basicdata.obj
d:\编程\工程\new\合金弹头\合金弹头\debug\bullet.obj
d:\编程\工程\new\合金弹头\合金弹头\debug\enemymgr.obj
d:\编程\工程\new\合金弹头\合金弹头\debug\game.obj
d:\编程\工程\new\合金弹头\合金弹头\debug\gameinput.obj
d:\编程\工程\new\合金弹头\合金弹头\debug\help.obj
d:\编程\工程\new\合金弹头\合金弹头\debug\imovable.obj
d:\编程\工程\new\合金弹头\合金弹头\debug\menu.obj
d:\编程\工程\new\合金弹头\合金弹头\debug\button.obj
d:\编程\工程\new\合金弹头\合金弹头\debug\gameframe.obj
d:\编程\工程\new\合金弹头\合金弹头\debug\logo.obj
d:\编程\工程\new\合金弹头\合金弹头\debug\main.obj
d:\编程\工程\new\合金弹头\合金弹头\debug\gamaeoutput.obj
d:\编程\工程\new\合金弹头\合金弹头\debug\role.obj
d:\编程\工程\new\合金弹头\合金弹头\debug\scene.obj
d:\编程\工程\new\合金弹头\合金弹头\debug\select.obj
d:\编程\工程\new\合金弹头\合金弹头\debug\soldier.obj
d:\编程\工程\new\合金弹头\合金弹头\debug\soundmanage.obj
d:\编程\工程\new\合金弹头\合金弹头\debug\strategy.obj
d:\编程\工程\new\合金弹头\合金弹头\debug\ui.obj
d:\编程\工程\new\合金弹头\合金弹头\debug\animation.obj
d:\编程\工程\new\合金弹头\合金弹头\debug\background.obj
d:\编程\工程\new\合金弹头\合金弹头\debug\soldier2.obj
d:\编程\工程\new\合金弹头\合金弹头\debug\plane.obj
d:\编程\工程\new\合金弹头\合金弹头\debug\boom.obj
d:\编程\工程\new\合金弹头\合金弹头\debug\bullet2.obj
d:\编程\工程\new\合金弹头\合金弹头\debug\bulletmgr.obj
d:\编程\工程\new\合金弹头\debug\合金弹头.ilk
d:\编程\工程\new\合金弹头\debug\合金弹头.exe
d:\编程\工程\new\合金弹头\debug\合金弹头.pdb
d:\编程\工程\new\合金弹头\合金弹头\debug\合金弹头.tlog\cl.command.1.tlog
d:\编程\工程\new\合金弹头\合金弹头\debug\合金弹头.tlog\cl.read.1.tlog
d:\编程\工程\new\合金弹头\合金弹头\debug\合金弹头.tlog\cl.write.1.tlog
d:\编程\工程\new\合金弹头\合金弹头\debug\合金弹头.tlog\link.command.1.tlog
d:\编程\工程\new\合金弹头\合金弹头\debug\合金弹头.tlog\link.read.1.tlog
d:\编程\工程\new\合金弹头\合金弹头\debug\合金弹头.tlog\link.write.1.tlog
